c:\!code\github\bunny-sense\software\anomalydetection\anomalydetection\bin\arm\debug\approotanomalydetection\certs\digicertglobalrootca.pem
c:\!code\github\bunny-sense\software\anomalydetection\anomalydetection\bin\arm\debug\approotanomalydetection\app_manifest.json
c:\!code\github\bunny-sense\software\anomalydetection\anomalydetection\bin\arm\debug\approotanomalydetection\bin\app
c:\!code\github\bunny-sense\software\anomalydetection\anomalydetection\bin\arm\debug\anomalydetection.imagepackage
c:\!code\github\bunny-sense\software\anomalydetection\anomalydetection\bin\arm\debug\anomalydetection.out
c:\!code\azuresphere\sphere_anomaly_detection\software\anomalydetection\anomalydetection\obj\arm\debug\epoll_timerfd_utilities.o
c:\!code\azuresphere\sphere_anomaly_detection\software\anomalydetection\anomalydetection\obj\arm\debug\list.o
c:\!code\azuresphere\sphere_anomaly_detection\software\anomalydetection\anomalydetection\obj\arm\debug\azure_iot_utilities.o
c:\!code\azuresphere\sphere_anomaly_detection\software\anomalydetection\anomalydetection\obj\arm\debug\lsm6dso_reg.o
c:\!code\azuresphere\sphere_anomaly_detection\software\anomalydetection\anomalydetection\obj\arm\debug\parson.o
c:\!code\azuresphere\sphere_anomaly_detection\software\anomalydetection\anomalydetection\obj\arm\debug\i2c.o
c:\!code\azuresphere\sphere_anomaly_detection\software\anomalydetection\anomalydetection\obj\arm\debug\ringbuf.o
c:\!code\azuresphere\sphere_anomaly_detection\software\anomalydetection\anomalydetection\obj\arm\debug\lps22hh_reg.o
c:\!code\azuresphere\sphere_anomaly_detection\software\anomalydetection\anomalydetection\obj\arm\debug\list_algos.o
c:\!code\azuresphere\sphere_anomaly_detection\software\anomalydetection\anomalydetection\bin\arm\debug\anomalydetection.out
c:\!code\azuresphere\sphere_anomaly_detection\software\anomalydetection\anomalydetection\obj\arm\debug\main.o
c:\users\ron\source\repos\azure-sphere-anomaly-detector\sphere_anomaly_detection\software\anomalydetection\anomalydetection\bin\arm\debug\anomalydetection.out
c:\users\ron\source\repos\azure-sphere-anomaly-detector\sphere_anomaly_detection\software\anomalydetection\anomalydetection\obj\arm\debug\azure_iot_utilities.o
c:\users\ron\source\repos\azure-sphere-anomaly-detector\sphere_anomaly_detection\software\anomalydetection\anomalydetection\obj\arm\debug\lps22hh_reg.o
c:\users\ron\source\repos\azure-sphere-anomaly-detector\sphere_anomaly_detection\software\anomalydetection\anomalydetection\obj\arm\debug\parson.o
c:\users\ron\source\repos\azure-sphere-anomaly-detector\sphere_anomaly_detection\software\anomalydetection\anomalydetection\obj\arm\debug\ringbuf.o
c:\users\ron\source\repos\azure-sphere-anomaly-detector\sphere_anomaly_detection\software\anomalydetection\anomalydetection\obj\arm\debug\list.o
c:\users\ron\source\repos\azure-sphere-anomaly-detector\sphere_anomaly_detection\software\anomalydetection\anomalydetection\obj\arm\debug\epoll_timerfd_utilities.o
c:\users\ron\source\repos\azure-sphere-anomaly-detector\sphere_anomaly_detection\software\anomalydetection\anomalydetection\obj\arm\debug\i2c.o
c:\users\ron\source\repos\azure-sphere-anomaly-detector\sphere_anomaly_detection\software\anomalydetection\anomalydetection\obj\arm\debug\lsm6dso_reg.o
c:\users\ron\source\repos\azure-sphere-anomaly-detector\sphere_anomaly_detection\software\anomalydetection\anomalydetection\obj\arm\debug\list_algos.o
c:\users\ron\source\repos\azure-sphere-anomaly-detector\sphere_anomaly_detection\software\anomalydetection\anomalydetection\obj\arm\debug\main.o
c:\!code\github\bunny-sense\software\anomalydetection\anomalydetection\obj\arm\debug\azure_iot_utilities.o
c:\!code\github\bunny-sense\software\anomalydetection\anomalydetection\obj\arm\debug\lps22hh_reg.o
c:\!code\github\bunny-sense\software\anomalydetection\anomalydetection\obj\arm\debug\list_algos.o
c:\!code\github\bunny-sense\software\anomalydetection\anomalydetection\obj\arm\debug\lsm6dso_reg.o
c:\!code\github\bunny-sense\software\anomalydetection\anomalydetection\obj\arm\debug\list.o
c:\!code\github\bunny-sense\software\anomalydetection\anomalydetection\obj\arm\debug\ringbuf.o
c:\!code\github\bunny-sense\software\anomalydetection\anomalydetection\obj\arm\debug\epoll_timerfd_utilities.o
c:\!code\github\bunny-sense\software\anomalydetection\anomalydetection\obj\arm\debug\main.o
c:\!code\github\bunny-sense\software\anomalydetection\anomalydetection\obj\arm\debug\parson.o
c:\!code\github\bunny-sense\software\anomalydetection\anomalydetection\obj\arm\debug\i2c.o
c:\!code\github\bunny-sense\software\anomalydetection\anomalydetection\obj\arm\debug\anomalydetection.tlog\anomalydetection-makeimage.read.1u.tlog
c:\!code\github\bunny-sense\software\anomalydetection\anomalydetection\obj\arm\debug\anomalydetection.tlog\anomalydetection-makeimage.write.1u.tlog
c:\!code\github\bunny-sense\software\anomalydetection\anomalydetection\obj\arm\debug\anomalydetection.tlog\arm-poky-linux-musleabi-gcc.command.1.tlog
c:\!code\github\bunny-sense\software\anomalydetection\anomalydetection\obj\arm\debug\anomalydetection.tlog\arm-poky-linux-musleabi-gcc.read.1.tlog
c:\!code\github\bunny-sense\software\anomalydetection\anomalydetection\obj\arm\debug\anomalydetection.tlog\arm-poky-linux-musleabi-gcc.write.1.tlog
c:\!code\github\bunny-sense\software\anomalydetection\anomalydetection\obj\arm\debug\anomalydetection.tlog\microsoft.build.linux.cross.tasks.compile.read.1.tlog
c:\!code\github\bunny-sense\software\anomalydetection\anomalydetection\obj\arm\debug\anomalydetection.tlog\microsoft.build.linux.cross.tasks.compile.write.1.tlog
